npm verb cli C:\Program Files\nodejs\node.exe C:\Program Files\nodejs\node_modules\npm\bin\npm-cli.js
npm info using npm@9.6.7
npm info using node@v18.17.0
npm verb title npm install
npm verb argv "install" "--legacy-peer-deps" "--loglevel" "verbose"
npm verb logfile logs-max:10 dir:C:\Users\janar\AppData\Local\npm-cache\_logs\2023-08-25T13_50_51_552Z-
npm verb logfile C:\Users\janar\AppData\Local\npm-cache\_logs\2023-08-25T13_50_51_552Z-debug-0.log
npm http fetch GET 404 https://registry.npmjs.org/npm-package-you-need-to-run-tests-1 1173ms (cache skip)
npm http fetch GET 404 https://registry.npmjs.org/npm-package-you-need-to-run-tests-1 961ms (cache skip)
npm http fetch GET 404 https://registry.npmjs.org/npm-package-you-need-to-run-tests-2 965ms (cache skip)
npm http fetch GET 404 https://registry.npmjs.org/npm-package-you-need-to-run-tests-2 1017ms (cache skip)
npm http fetch GET 200 https://registry.npmjs.org/browserstack-cypress-cli 1034ms (cache revalidated)
npm http fetch GET 200 https://registry.npmjs.org/cypress 124ms (cache revalidated)
npm http fetch GET 200 https://registry.npmjs.org/chalk 448ms (cache revalidated)
npm http fetch GET 200 https://registry.npmjs.org/table 433ms (cache revalidated)
npm http fetch GET 200 https://registry.npmjs.org/browserstack-local 485ms (cache revalidated)
npm http fetch GET 200 https://registry.npmjs.org/request 470ms (cache revalidated)
npm http fetch GET 200 https://registry.npmjs.org/uuid 468ms (cache revalidated)
npm http fetch GET 200 https://registry.npmjs.org/async 503ms (cache revalidated)
npm http fetch GET 200 https://registry.npmjs.org/winston 512ms (cache revalidated)
npm http fetch GET 200 https://registry.npmjs.org/decompress 556ms (cache revalidated)
npm http fetch GET 200 https://registry.npmjs.org/@types%2fsizzle 559ms (cache revalidated)
npm http fetch GET 200 https://registry.npmjs.org/mkdirp 590ms (cache revalidated)
npm http fetch GET 200 https://registry.npmjs.org/fs-extra 616ms (cache revalidated)
npm http fetch GET 200 https://registry.npmjs.org/yargs 631ms (cache revalidated)
npm http fetch GET 200 https://registry.npmjs.org/@types%2fnode 673ms (cache revalidated)
npm http fetch GET 200 https://registry.npmjs.org/buffer 777ms (cache revalidated)
npm http fetch GET 200 https://registry.npmjs.org/archiver 822ms (cache revalidated)
npm http fetch GET 200 https://registry.npmjs.org/getmac 816ms (cache revalidated)
npm http fetch GET 200 https://registry.npmjs.org/mocha 812ms (cache revalidated)
npm http fetch GET 200 https://registry.npmjs.org/git-repo-info 825ms (cache revalidated)
npm http fetch GET 200 https://registry.npmjs.org/windows-release 812ms (cache revalidated)
npm http fetch GET 200 https://registry.npmjs.org/gitconfiglocal 834ms (cache revalidated)
npm http fetch GET 200 https://registry.npmjs.org/chalk 830ms (cache revalidated)
npm http fetch GET 200 https://registry.npmjs.org/cli-cursor 831ms (cache revalidated)
npm http fetch GET 200 https://registry.npmjs.org/bluebird 838ms (cache revalidated)
npm http fetch GET 200 https://registry.npmjs.org/update-notifier 860ms (cache revalidated)
npm http fetch GET 200 https://registry.npmjs.org/common-tags 854ms (cache revalidated)
npm http fetch GET 200 https://registry.npmjs.org/debug 856ms (cache revalidated)
npm http fetch GET 200 https://registry.npmjs.org/fs-extra 874ms (cache revalidated)
npm http fetch GET 200 https://registry.npmjs.org/commander 889ms (cache revalidated)
npm http fetch GET 200 https://registry.npmjs.org/enquirer 912ms (cache revalidated)
npm http fetch GET 200 https://registry.npmjs.org/@cypress%2fxvfb 997ms (cache revalidated)
npm http fetch GET 200 https://registry.npmjs.org/cachedir 1050ms (cache revalidated)
npm http fetch GET 200 https://registry.npmjs.org/execa 1073ms (cache revalidated)
npm http fetch GET 200 https://registry.npmjs.org/arch 1105ms (cache revalidated)
npm http fetch GET 200 https://registry.npmjs.org/extract-zip 1102ms (cache revalidated)
npm http fetch GET 200 https://registry.npmjs.org/eventemitter2 1147ms (cache revalidated)
npm http fetch GET 200 https://registry.npmjs.org/lodash 1160ms (cache revalidated)
npm http fetch GET 200 https://registry.npmjs.org/dayjs 1199ms (cache revalidated)
npm http fetch GET 200 https://registry.npmjs.org/executable 1203ms (cache revalidated)
npm http fetch GET 200 https://registry.npmjs.org/is-ci 1230ms (cache revalidated)
npm http fetch GET 200 https://registry.npmjs.org/cli-progress 1370ms (cache revalidated)
npm http fetch GET 200 https://registry.npmjs.org/minimist 1342ms (cache revalidated)
npm http fetch GET 200 https://registry.npmjs.org/log-symbols 1348ms (cache revalidated)
npm http fetch GET 200 https://registry.npmjs.org/node-ipc 1413ms (cache revalidated)
npm http fetch GET 200 https://registry.npmjs.org/lazy-ass 1361ms (cache revalidated)
npm http fetch GET 200 https://registry.npmjs.org/process 1376ms (cache revalidated)
npm http fetch GET 200 https://registry.npmjs.org/semver 1398ms (cache revalidated)
npm http fetch GET 200 https://registry.npmjs.org/requestretry 1505ms (cache revalidated)
npm http fetch GET 200 https://registry.npmjs.org/pretty-bytes 1443ms (cache revalidated)
npm http fetch GET 200 https://registry.npmjs.org/getos 1473ms (cache revalidated)
npm http fetch GET 200 https://registry.npmjs.org/figures 1528ms (cache revalidated)
npm http fetch GET 200 https://registry.npmjs.org/listr2 1516ms (cache revalidated)
npm http fetch GET 200 https://registry.npmjs.org/glob 1592ms (cache revalidated)
npm http fetch GET 200 https://registry.npmjs.org/proxy-from-env 1523ms (cache revalidated)
npm http fetch GET 200 https://registry.npmjs.org/supports-color 1520ms (cache revalidated)
npm http fetch GET 200 https://registry.npmjs.org/blob-util 1584ms (cache revalidated)
npm http fetch GET 200 https://registry.npmjs.org/tmp 1573ms (cache revalidated)
npm http fetch GET 200 https://registry.npmjs.org/yauzl 1591ms (cache revalidated)
npm http fetch GET 200 https://registry.npmjs.org/git-last-commit 1676ms (cache revalidated)
npm http fetch GET 200 https://registry.npmjs.org/is-installed-globally 1624ms (cache revalidated)
npm http fetch GET 200 https://registry.npmjs.org/request-progress 1656ms (cache revalidated)
npm http fetch GET 200 https://registry.npmjs.org/check-more-types 1723ms (cache revalidated)
npm http fetch GET 200 https://registry.npmjs.org/cli-table3 1971ms (cache revalidated)
npm http fetch GET 200 https://registry.npmjs.org/ospath 2326ms (cache revalidated)
npm http fetch GET 200 https://registry.npmjs.org/@types%2fsinonjs__fake-timers 2562ms (cache revalidated)
npm http fetch GET 200 https://registry.npmjs.org/untildify 2607ms (cache revalidated)
npm http fetch GET 200 https://registry.npmjs.org/@cypress%2frequest 2827ms (cache revalidated)
npm http fetch GET 200 https://registry.npmjs.org/archiver-utils 545ms (cache revalidated)
npm http fetch GET 200 https://registry.npmjs.org/zip-stream 538ms (cache revalidated)
npm http fetch GET 200 https://registry.npmjs.org/readdir-glob 543ms (cache revalidated)
npm http fetch GET 200 https://registry.npmjs.org/readable-stream 546ms (cache revalidated)
npm http fetch GET 200 https://registry.npmjs.org/https-proxy-agent 540ms (cache revalidated)
npm http fetch GET 200 https://registry.npmjs.org/ps-tree 539ms (cache revalidated)
npm http fetch GET 200 https://registry.npmjs.org/string-width 531ms (cache revalidated)
npm http fetch GET 200 https://registry.npmjs.org/ansi-styles 536ms (cache revalidated)
npm http fetch GET 200 https://registry.npmjs.org/agent-base 541ms (cache revalidated)
npm http fetch GET 200 https://registry.npmjs.org/is-running 545ms (cache revalidated)
npm http fetch GET 200 https://registry.npmjs.org/buffer-crc32 558ms (cache revalidated)
npm http fetch GET 200 https://registry.npmjs.org/ini 523ms (cache revalidated)
npm http fetch GET 200 https://registry.npmjs.org/make-dir 537ms (cache revalidated)
npm http fetch GET 200 https://registry.npmjs.org/tar-stream 570ms (cache revalidated)
npm http fetch GET 200 https://registry.npmjs.org/inherits 523ms (cache revalidated)
npm http fetch GET 200 https://registry.npmjs.org/jsonfile 536ms (cache revalidated)
npm http fetch GET 200 https://registry.npmjs.org/pify 545ms (cache revalidated)
npm http fetch GET 200 https://registry.npmjs.org/path-is-absolute 529ms (cache revalidated)
npm http fetch GET 200 https://registry.npmjs.org/ansi-colors 535ms (cache revalidated)
npm http fetch GET 200 https://registry.npmjs.org/minimatch 556ms (cache revalidated)
npm http fetch GET 200 https://registry.npmjs.org/inflight 561ms (cache revalidated)
npm http fetch GET 200 https://registry.npmjs.org/escape-string-regexp 554ms (cache revalidated)
npm http fetch GET 200 https://registry.npmjs.org/once 563ms (cache revalidated)
npm http fetch GET 200 https://registry.npmjs.org/chokidar 579ms (cache revalidated)
npm http fetch GET 200 https://registry.npmjs.org/universalify 606ms (cache revalidated)
npm http fetch GET 200 https://registry.npmjs.org/strip-dirs 621ms (cache revalidated)
npm http fetch GET 200 https://registry.npmjs.org/fs.realpath 609ms (cache revalidated)
npm http fetch GET 200 https://registry.npmjs.org/ms 614ms (cache revalidated)
npm http fetch GET 200 https://registry.npmjs.org/js-yaml 632ms (cache revalidated)
npm http fetch GET 200 https://registry.npmjs.org/he 635ms (cache revalidated)
npm http fetch GET 200 https://registry.npmjs.org/temp-fs 702ms (cache revalidated)
npm http fetch GET 200 https://registry.npmjs.org/nanoid 635ms (cache revalidated)
npm http fetch GET 200 https://registry.npmjs.org/diff 656ms (cache revalidated)
npm http fetch GET 200 https://registry.npmjs.org/find-up 685ms (cache revalidated)
npm http fetch GET 200 https://registry.npmjs.org/strip-json-comments 668ms (cache revalidated)
npm http fetch GET 200 https://registry.npmjs.org/yargs-parser 671ms (cache revalidated)
npm http fetch GET 200 https://registry.npmjs.org/decompress-targz 762ms (cache revalidated)
npm http fetch GET 200 https://registry.npmjs.org/yargs-unparser 702ms (cache revalidated)
npm http fetch GET 200 https://registry.npmjs.org/decompress-tarbz2 770ms (cache revalidated)
npm http fetch GET 200 https://registry.npmjs.org/graceful-fs 762ms (cache revalidated)
npm http fetch GET 200 https://registry.npmjs.org/decompress-tar 794ms (cache revalidated)
npm http fetch GET 200 https://registry.npmjs.org/serialize-javascript 750ms (cache revalidated)
npm http fetch GET 200 https://registry.npmjs.org/event-pubsub 756ms (cache revalidated)
npm http fetch GET 200 https://registry.npmjs.org/combined-stream 752ms (cache revalidated)
npm http fetch GET 200 https://registry.npmjs.org/decompress-unzip 825ms (cache revalidated)
npm http fetch GET 200 https://registry.npmjs.org/aws-sign2 772ms (cache revalidated)
npm http fetch GET 200 https://registry.npmjs.org/form-data 770ms (cache revalidated)
npm http fetch GET 200 https://registry.npmjs.org/is-typedarray 770ms (cache revalidated)
npm http fetch GET 200 https://registry.npmjs.org/graceful-fs 850ms (cache revalidated)
npm http fetch GET 200 https://registry.npmjs.org/minimatch 828ms (cache revalidated)
npm http fetch GET 200 https://registry.npmjs.org/qs 797ms (cache revalidated)
npm http fetch GET 200 https://registry.npmjs.org/performance-now 810ms (cache revalidated)
npm http fetch GET 200 https://registry.npmjs.org/mime-types 838ms (cache revalidated)
npm http fetch GET 200 https://registry.npmjs.org/caseless 858ms (cache revalidated)
npm http fetch GET 200 https://registry.npmjs.org/http-signature 852ms (cache revalidated)
npm http fetch GET 200 https://registry.npmjs.org/extend 854ms (cache revalidated)
npm http fetch GET 200 https://registry.npmjs.org/json-stringify-safe 869ms (cache revalidated)
npm http fetch GET 200 https://registry.npmjs.org/tough-cookie 888ms (cache revalidated)
npm http fetch GET 200 https://registry.npmjs.org/has-yarn 882ms (cache revalidated)
npm http fetch GET 200 https://registry.npmjs.org/string-width 887ms (cache revalidated)
npm http fetch GET 200 https://registry.npmjs.org/safe-buffer 919ms (cache revalidated)
npm http fetch GET 200 https://registry.npmjs.org/configstore 923ms (cache revalidated)
npm http fetch GET 200 https://registry.npmjs.org/ajv 932ms (cache revalidated)
npm http fetch GET 200 https://registry.npmjs.org/slice-ansi 946ms (cache revalidated)
npm http fetch GET 200 https://registry.npmjs.org/extend 981ms (cache revalidated)
npm http fetch GET 200 https://registry.npmjs.org/aws4 988ms (cache revalidated)
npm http fetch GET 200 https://registry.npmjs.org/tunnel-agent 971ms (cache revalidated)
npm http fetch GET 200 https://registry.npmjs.org/isstream 939ms (cache revalidated)
npm http fetch GET 200 https://registry.npmjs.org/isstream 1012ms (cache revalidated)
npm http fetch GET 200 https://registry.npmjs.org/har-validator 1049ms (cache revalidated)
npm http fetch GET 200 https://registry.npmjs.org/boxen 1035ms (cache revalidated)
npm http fetch GET 200 https://registry.npmjs.org/forever-agent 1088ms (cache revalidated)
npm http fetch GET 200 https://registry.npmjs.org/latest-version 1052ms (cache revalidated)
npm http fetch GET 200 https://registry.npmjs.org/get-caller-file 1050ms (cache revalidated)
npm http fetch GET 200 https://registry.npmjs.org/oauth-sign 1119ms (cache revalidated)
npm http fetch GET 200 https://registry.npmjs.org/semver-diff 1090ms (cache revalidated)
npm http fetch GET 200 https://registry.npmjs.org/stack-trace 1091ms (cache revalidated)
npm http fetch GET 200 https://registry.npmjs.org/import-lazy 1122ms (cache revalidated)
npm http fetch GET 200 https://registry.npmjs.org/require-directory 1123ms (cache revalidated)
npm http fetch GET 200 https://registry.npmjs.org/which-module 1130ms (cache revalidated)
npm http fetch GET 200 https://registry.npmjs.org/require-main-filename 1146ms (cache revalidated)
npm http fetch GET 200 https://registry.npmjs.org/is-npm 1181ms (cache revalidated)
npm http fetch GET 200 https://registry.npmjs.org/decamelize 1187ms (cache revalidated)
npm http fetch GET 200 https://registry.npmjs.org/cliui 1202ms (cache revalidated)
npm http fetch GET 200 https://registry.npmjs.org/colors 1213ms (cache revalidated)
npm http fetch GET 200 https://registry.npmjs.org/y18n 1201ms (cache revalidated)
npm http fetch GET 200 https://registry.npmjs.org/set-blocking 1209ms (cache revalidated)
npm http fetch GET 200 https://registry.npmjs.org/cycle 1232ms (cache revalidated)
npm http fetch GET 200 https://registry.npmjs.org/eyes 1242ms (cache revalidated)
npm http fetch GET 200 https://registry.npmjs.org/yargs-parser 1241ms (cache revalidated)
npm http fetch GET 200 https://registry.npmjs.org/workerpool 1405ms (cache revalidated)
npm http fetch GET 200 https://registry.npmjs.org/find-up 1347ms (cache revalidated)
npm http fetch GET 200 https://registry.npmjs.org/pupa 1367ms (cache revalidated)
npm http fetch GET 200 https://registry.npmjs.org/browser-stdout 1509ms (cache revalidated)
npm http fetch GET 200 https://registry.npmjs.org/js-message 1603ms (cache revalidated)
npm http fetch GET 200 https://registry.npmjs.org/js-queue 1749ms (cache revalidated)
npm http fetch GET 200 https://registry.npmjs.org/xdg-basedir 1902ms (cache revalidated)
npm http fetch GET 200 https://registry.npmjs.org/is-yarn-global 2168ms (cache revalidated)
npm http fetch GET 200 https://registry.npmjs.org/normalize-path 102ms (cache revalidated)
npm http fetch GET 200 https://registry.npmjs.org/bl 94ms (cache revalidated)
npm http fetch GET 200 https://registry.npmjs.org/util-deprecate 99ms (cache revalidated)
npm http fetch GET 200 https://registry.npmjs.org/lodash.flatten 110ms (cache revalidated)
npm http fetch GET 200 https://registry.npmjs.org/string_decoder 109ms (cache revalidated)
npm http fetch GET 200 https://registry.npmjs.org/compress-commons 103ms (cache revalidated)
npm http fetch GET 200 https://registry.npmjs.org/lodash.defaults 146ms (cache revalidated)
npm http fetch GET 200 https://registry.npmjs.org/lodash.difference 176ms (cache revalidated)
npm http fetch GET 200 https://registry.npmjs.org/fs-constants 175ms (cache revalidated)
npm http fetch GET 200 https://registry.npmjs.org/lodash.union 189ms (cache revalidated)
npm http fetch GET 200 https://registry.npmjs.org/end-of-stream 181ms (cache revalidated)
npm http fetch GET 200 https://registry.npmjs.org/lodash.isplainobject 213ms (cache revalidated)
npm http fetch GET 200 https://registry.npmjs.org/lazystream 361ms (cache revalidated)
npm http fetch GET 200 https://registry.npmjs.org/process-nextick-args 58ms (cache revalidated)
npm http fetch GET 200 https://registry.npmjs.org/isarray 78ms (cache revalidated)
npm http fetch GET 200 https://registry.npmjs.org/core-util-is 82ms (cache revalidated)
npm http fetch GET 200 https://registry.npmjs.org/rimraf 118ms (cache revalidated)
npm http fetch GET 200 https://registry.npmjs.org/event-stream 1019ms (cache revalidated)
npm http fetch GET 200 https://registry.npmjs.org/color-convert 78ms (cache revalidated)
npm http fetch GET 200 https://registry.npmjs.org/has-flag 91ms (cache revalidated)
npm http fetch GET 200 https://registry.npmjs.org/color-name 71ms (cache revalidated)
npm http fetch GET 200 https://registry.npmjs.org/is-fullwidth-code-point 58ms (cache revalidated)
npm http fetch GET 200 https://registry.npmjs.org/strip-ansi 79ms (cache revalidated)
npm http fetch GET 200 https://registry.npmjs.org/emoji-regex 168ms (cache revalidated)
npm http fetch GET 200 https://registry.npmjs.org/strip-final-newline 179ms (cache revalidated)
npm http fetch GET 200 https://registry.npmjs.org/human-signals 185ms (cache revalidated)
npm http fetch GET 200 https://registry.npmjs.org/ieee754 212ms (cache revalidated)
npm http fetch GET 200 https://registry.npmjs.org/get-stream 182ms (cache revalidated)
npm http fetch GET 200 https://registry.npmjs.org/get-stream 195ms (cache revalidated)
npm http fetch GET 200 https://registry.npmjs.org/npm-run-path 200ms (cache revalidated)
npm http fetch GET 200 https://registry.npmjs.org/signal-exit 200ms (cache revalidated)
npm http fetch GET 200 https://registry.npmjs.org/onetime 208ms (cache revalidated)
npm http fetch GET 200 https://registry.npmjs.org/is-stream 212ms (cache revalidated)
npm http fetch GET 200 https://registry.npmjs.org/cross-spawn 218ms (cache revalidated)
npm http fetch GET 200 https://registry.npmjs.org/ci-info 201ms (cache revalidated)
npm http fetch GET 200 https://registry.npmjs.org/@types%2fyauzl 219ms (cache revalidated)
npm http fetch GET 200 https://registry.npmjs.org/colorette 204ms (cache revalidated)
npm http fetch GET 200 https://registry.npmjs.org/at-least-node 232ms (cache revalidated)
npm http fetch GET 200 https://registry.npmjs.org/is-path-inside 230ms (cache revalidated)
npm http fetch GET 200 https://registry.npmjs.org/merge-stream 258ms (cache revalidated)
npm http fetch GET 200 https://registry.npmjs.org/base64-js 289ms (cache revalidated)
npm http fetch GET 200 https://registry.npmjs.org/rxjs 244ms (cache revalidated)
npm http fetch GET 200 https://registry.npmjs.org/fd-slicer 230ms (cache revalidated)
npm http fetch GET 200 https://registry.npmjs.org/is-unicode-supported 250ms (cache revalidated)
npm http fetch GET 200 https://registry.npmjs.org/restore-cursor 307ms (cache revalidated)
npm http fetch GET 200 https://registry.npmjs.org/wrap-ansi 262ms (cache revalidated)
npm http fetch GET 200 https://registry.npmjs.org/lru-cache 270ms (cache revalidated)
npm http fetch GET 200 https://registry.npmjs.org/throttleit 352ms (cache revalidated)
npm http fetch GET 200 https://registry.npmjs.org/@colors%2fcolors 441ms (cache revalidated)
npm http fetch GET 200 https://registry.npmjs.org/global-dirs 443ms (cache revalidated)
npm http fetch GET 200 https://registry.npmjs.org/lodash.once 497ms (cache revalidated)
npm http fetch GET 200 https://registry.npmjs.org/log-update 469ms (cache revalidated)
npm http fetch GET 200 https://registry.npmjs.org/cli-truncate 476ms (cache revalidated)
npm http fetch GET 200 https://registry.npmjs.org/through 474ms (cache revalidated)
npm http fetch GET 200 https://registry.npmjs.org/p-map 494ms (cache revalidated)
npm http fetch GET 200 https://registry.npmjs.org/rfdc 1192ms (cache revalidated)
npm http fetch GET 200 https://registry.npmjs.org/mime-db 92ms (cache revalidated)
npm http fetch GET 200 https://registry.npmjs.org/psl 90ms (cache revalidated)
npm http fetch GET 200 https://registry.npmjs.org/asynckit 120ms (cache revalidated)
npm http fetch GET 200 https://registry.npmjs.org/side-channel 125ms (cache revalidated)
npm http fetch GET 200 https://registry.npmjs.org/url-parse 119ms (cache revalidated)
npm http fetch GET 200 https://registry.npmjs.org/punycode 123ms (cache revalidated)
npm http fetch GET 200 https://registry.npmjs.org/assert-plus 191ms (cache revalidated)
npm http fetch GET 200 https://registry.npmjs.org/delayed-stream 366ms (cache revalidated)
npm http fetch GET 200 https://registry.npmjs.org/sshpk 352ms (cache revalidated)
npm http fetch GET 200 https://registry.npmjs.org/jsprim 374ms (cache revalidated)
npm http fetch GET 200 https://registry.npmjs.org/is-natural-number 159ms (cache revalidated)
npm http fetch GET 200 https://registry.npmjs.org/unbzip2-stream 177ms (cache revalidated)
npm http fetch GET 200 https://registry.npmjs.org/file-type 238ms (cache revalidated)
npm http fetch GET 200 https://registry.npmjs.org/file-type 345ms (cache revalidated)
npm http fetch GET 200 https://registry.npmjs.org/file-type 350ms (cache revalidated)
npm http fetch GET 200 https://registry.npmjs.org/seek-bzip 359ms (cache revalidated)
npm http fetch GET 200 https://registry.npmjs.org/xtend 297ms (cache revalidated)
npm http fetch GET 200 https://registry.npmjs.org/buffer-alloc 303ms (cache revalidated)
npm http fetch GET 200 https://registry.npmjs.org/to-buffer 330ms (cache revalidated)
npm http fetch GET 200 https://registry.npmjs.org/pinkie-promise 41ms (cache revalidated)
npm http fetch GET 200 https://registry.npmjs.org/object-assign 76ms (cache revalidated)
npm http fetch GET 200 https://registry.npmjs.org/ansi-regex 50ms (cache revalidated)
npm http fetch GET 200 https://registry.npmjs.org/shebang-command 69ms (cache revalidated)
npm http fetch GET 200 https://registry.npmjs.org/pump 65ms (cache revalidated)
npm http fetch GET 200 https://registry.npmjs.org/path-key 64ms (cache revalidated)
npm http fetch GET 200 https://registry.npmjs.org/which 88ms (cache revalidated)
npm http fetch GET 200 https://registry.npmjs.org/mimic-fn 91ms (cache revalidated)
npm http fetch GET 200 https://registry.npmjs.org/path-key 108ms (cache revalidated)
npm http fetch GET 200 https://registry.npmjs.org/shebang-regex 70ms (cache revalidated)
npm http fetch GET 200 https://registry.npmjs.org/isexe 83ms (cache revalidated)
npm http fetch GET 200 https://registry.npmjs.org/pinkie 60ms (cache revalidated)
npm http fetch GET 200 https://registry.npmjs.org/wrappy 84ms (cache revalidated)
npm http fetch GET 200 https://registry.npmjs.org/brace-expansion 81ms (cache revalidated)
npm http fetch GET 200 https://registry.npmjs.org/safer-buffer 84ms (cache revalidated)
npm http fetch GET 200 https://registry.npmjs.org/verror 92ms (cache revalidated)
npm http fetch GET 200 https://registry.npmjs.org/getpass 87ms (cache revalidated)
npm http fetch GET 200 https://registry.npmjs.org/json-schema 96ms (cache revalidated)
npm http fetch GET 200 https://registry.npmjs.org/ecc-jsbn 112ms (cache revalidated)
npm http fetch GET 200 https://registry.npmjs.org/jsbn 140ms (cache revalidated)
npm http fetch GET 200 https://registry.npmjs.org/dashdash 166ms (cache revalidated)
npm http fetch GET 200 https://registry.npmjs.org/asn1 324ms (cache revalidated)
npm http fetch GET 200 https://registry.npmjs.org/extsprintf 337ms (cache revalidated)
npm http fetch GET 200 https://registry.npmjs.org/tweetnacl 349ms (cache revalidated)
npm http fetch GET 200 https://registry.npmjs.org/bcrypt-pbkdf 1202ms (cache revalidated)
npm http fetch GET 200 https://registry.npmjs.org/ansi-escapes 67ms (cache revalidated)
npm http fetch GET 200 https://registry.npmjs.org/tslib 80ms (cache revalidated)
npm http fetch GET 200 https://registry.npmjs.org/aggregate-error 1253ms (cache revalidated)
npm http fetch GET 200 https://registry.npmjs.org/astral-regex 299ms (cache revalidated)
npm http fetch GET 200 https://registry.npmjs.org/type-fest 89ms (cache revalidated)
npm http fetch GET 200 https://registry.npmjs.org/balanced-match 42ms (cache revalidated)
npm http fetch GET 200 https://registry.npmjs.org/concat-map 79ms (cache revalidated)
npm http fetch GET 200 https://registry.npmjs.org/is-binary-path 107ms (cache revalidated)
npm http fetch GET 200 https://registry.npmjs.org/readdirp 106ms (cache revalidated)
npm http fetch GET 200 https://registry.npmjs.org/braces 119ms (cache revalidated)
npm http fetch GET 200 https://registry.npmjs.org/path-exists 117ms (cache revalidated)
npm http fetch GET 200 https://registry.npmjs.org/locate-path 120ms (cache revalidated)
npm http fetch GET 200 https://registry.npmjs.org/escalade 121ms (cache revalidated)
npm http fetch GET 200 https://registry.npmjs.org/randombytes 128ms (cache revalidated)
npm http fetch GET 200 https://registry.npmjs.org/fsevents 146ms (cache revalidated)
npm http fetch GET 200 https://registry.npmjs.org/is-glob 150ms (cache revalidated)
npm http fetch GET 200 https://registry.npmjs.org/argparse 151ms (cache revalidated)
npm http fetch GET 200 https://registry.npmjs.org/camelcase 137ms (cache revalidated)
npm http fetch GET 200 https://registry.npmjs.org/glob-parent 170ms (cache revalidated)
npm http fetch GET 200 https://registry.npmjs.org/anymatch 175ms (cache revalidated)
npm http fetch GET 200 https://registry.npmjs.org/flat 335ms (cache revalidated)
npm http fetch GET 200 https://registry.npmjs.org/is-plain-obj 407ms (cache revalidated)
npm http fetch GET 200 https://registry.npmjs.org/binary-extensions 64ms (cache revalidated)
npm http fetch GET 200 https://registry.npmjs.org/picomatch 73ms (cache revalidated)
npm http fetch GET 200 https://registry.npmjs.org/picomatch 75ms (cache revalidated)
npm http fetch GET 200 https://registry.npmjs.org/fill-range 99ms (cache revalidated)
npm http fetch GET 200 https://registry.npmjs.org/is-extglob 94ms (cache revalidated)
npm http fetch GET 200 https://registry.npmjs.org/to-regex-range 96ms (cache revalidated)
npm http fetch GET 200 https://registry.npmjs.org/is-number 69ms (cache revalidated)
npm http fetch GET 200 https://registry.npmjs.org/p-locate 158ms (cache revalidated)
npm http fetch GET 200 https://registry.npmjs.org/p-limit 71ms (cache revalidated)
npm http fetch GET 200 https://registry.npmjs.org/easy-stack 1000ms (cache revalidated)
npm http fetch GET 200 https://registry.npmjs.org/yocto-queue 89ms (cache revalidated)
npm http fetch GET 200 https://registry.npmjs.org/clean-stack 76ms (cache revalidated)
npm http fetch GET 200 https://registry.npmjs.org/indent-string 94ms (cache revalidated)
npm http fetch GET 200 https://registry.npmjs.org/duplexer 72ms (cache revalidated)
npm http fetch GET 200 https://registry.npmjs.org/split 123ms (cache revalidated)
npm http fetch GET 200 https://registry.npmjs.org/stream-combiner 171ms (cache revalidated)
npm http fetch GET 200 https://registry.npmjs.org/from 178ms (cache revalidated)
npm http fetch GET 200 https://registry.npmjs.org/map-stream 180ms (cache revalidated)
npm http fetch GET 200 https://registry.npmjs.org/pause-stream 350ms (cache revalidated)
npm http fetch GET 200 https://registry.npmjs.org/call-bind 47ms (cache revalidated)
npm http fetch GET 200 https://registry.npmjs.org/get-intrinsic 77ms (cache revalidated)
npm http fetch GET 200 https://registry.npmjs.org/object-inspect 211ms (cache revalidated)
npm http fetch GET 200 https://registry.npmjs.org/har-schema 196ms (cache revalidated)
npm http fetch GET 200 https://registry.npmjs.org/fast-deep-equal 51ms (cache revalidated)
npm http fetch GET 200 https://registry.npmjs.org/json-schema-traverse 72ms (cache revalidated)
npm http fetch GET 200 https://registry.npmjs.org/uri-js 80ms (cache revalidated)
npm http fetch GET 200 https://registry.npmjs.org/fast-json-stable-stringify 84ms (cache revalidated)
npm http fetch GET 200 https://registry.npmjs.org/yallist 85ms (cache revalidated)
npm http fetch GET 200 https://registry.npmjs.org/has-symbols 62ms (cache revalidated)
npm http fetch GET 200 https://registry.npmjs.org/function-bind 73ms (cache revalidated)
npm http fetch GET 200 https://registry.npmjs.org/has-proto 74ms (cache revalidated)
npm http fetch GET 200 https://registry.npmjs.org/has 76ms (cache revalidated)
npm http fetch GET 200 https://registry.npmjs.org/querystringify 75ms (cache revalidated)
npm http fetch GET 200 https://registry.npmjs.org/requires-port 79ms (cache revalidated)
npm http fetch GET 200 https://registry.npmjs.org/dot-prop 67ms (cache revalidated)
npm http fetch GET 200 https://registry.npmjs.org/unique-string 82ms (cache revalidated)
npm http fetch GET 200 https://registry.npmjs.org/write-file-atomic 100ms (cache revalidated)
npm http fetch GET 200 https://registry.npmjs.org/package-json 146ms (cache revalidated)
npm http fetch GET 200 https://registry.npmjs.org/cli-boxes 167ms (cache revalidated)
npm http fetch GET 200 https://registry.npmjs.org/ansi-align 171ms (cache revalidated)
npm http fetch GET 200 https://registry.npmjs.org/widest-line 178ms (cache revalidated)
npm http fetch GET 200 https://registry.npmjs.org/escape-goat 521ms (cache revalidated)
npm http fetch GET 200 https://registry.npmjs.org/typedarray-to-buffer 47ms (cache revalidated)
npm http fetch GET 200 https://registry.npmjs.org/imurmurhash 77ms (cache revalidated)
npm http fetch GET 200 https://registry.npmjs.org/is-obj 94ms (cache revalidated)
npm http fetch GET 200 https://registry.npmjs.org/crypto-random-string 161ms (cache revalidated)
npm http fetch GET 200 https://registry.npmjs.org/registry-auth-token 140ms (cache revalidated)
npm http fetch GET 200 https://registry.npmjs.org/registry-url 145ms (cache revalidated)
npm http fetch GET 200 https://registry.npmjs.org/got 148ms (cache revalidated)
npm http fetch GET 200 https://registry.npmjs.org/mimic-response 70ms (cache revalidated)
npm http fetch GET 200 https://registry.npmjs.org/duplexer3 129ms (cache revalidated)
npm http fetch GET 200 https://registry.npmjs.org/lowercase-keys 128ms (cache revalidated)
npm http fetch GET 200 https://registry.npmjs.org/rc 125ms (cache revalidated)
npm http fetch GET 200 https://registry.npmjs.org/decompress-response 182ms (cache revalidated)
npm http fetch GET 200 https://registry.npmjs.org/cacheable-request 189ms (cache revalidated)
npm http fetch GET 200 https://registry.npmjs.org/rc 321ms (cache revalidated)
npm http fetch GET 200 https://registry.npmjs.org/p-cancelable 343ms (cache revalidated)
npm http fetch GET 200 https://registry.npmjs.org/url-parse-lax 373ms (cache revalidated)
npm http fetch GET 200 https://registry.npmjs.org/@szmarczak%2fhttp-timer 469ms (cache revalidated)
npm http fetch GET 200 https://registry.npmjs.org/@sindresorhus%2fis 834ms (cache revalidated)
npm http fetch GET 200 https://registry.npmjs.org/to-readable-stream 1266ms (cache revalidated)
npm http fetch GET 200 https://registry.npmjs.org/defer-to-connect 91ms (cache revalidated)
npm http fetch GET 200 https://registry.npmjs.org/normalize-url 88ms (cache revalidated)
npm http fetch GET 200 https://registry.npmjs.org/keyv 178ms (cache revalidated)
npm http fetch GET 200 https://registry.npmjs.org/http-cache-semantics 196ms (cache revalidated)
npm http fetch GET 200 https://registry.npmjs.org/responselike 325ms (cache revalidated)
npm http fetch GET 200 https://registry.npmjs.org/prepend-http 345ms (cache revalidated)
npm http fetch GET 200 https://registry.npmjs.org/clone-response 376ms (cache revalidated)
npm http fetch GET 200 https://registry.npmjs.org/json-buffer 60ms (cache revalidated)
npm http fetch GET 200 https://registry.npmjs.org/deep-extend 308ms (cache revalidated)
npm http fetch GET 200 https://registry.npmjs.org/pend 43ms (cache revalidated)
npm http fetch GET 200 https://registry.npmjs.org/crc32-stream 44ms (cache revalidated)
npm http fetch GET 200 https://registry.npmjs.org/crc-32 64ms (cache revalidated)
npm http fetch GET 200 https://registry.npmjs.org/buffer-fill 298ms (cache revalidated)
npm http fetch GET 200 https://registry.npmjs.org/buffer-alloc-unsafe 425ms (cache revalidated)
npm http fetch GET 200 https://registry.npmjs.org/p-try 105ms (cache revalidated)
npm verb stack HttpErrorGeneral: 404 Not Found - GET https://registry.npmjs.org/npm-package-you-need-to-run-tests-1 - Not found
npm verb stack     at C:\Program Files\nodejs\node_modules\npm\node_modules\npm-registry-fetch\lib\check-response.js:95:15
npm verb stack     at process.processTicksAndRejections (node:internal/process/task_queues:95:5)
npm verb stack     at async RegistryFetcher.packument (C:\Program Files\nodejs\node_modules\npm\node_modules\pacote\lib\registry.js:87:19)
npm verb stack     at async RegistryFetcher.manifest (C:\Program Files\nodejs\node_modules\npm\node_modules\pacote\lib\registry.js:118:23)
npm verb stack     at async #nodeFromEdge (C:\Program Files\nodejs\node_modules\npm\node_modules\@npmcli\arborist\lib\arborist\build-ideal-tree.js:1049:19)
npm verb stack     at async #buildDepStep (C:\Program Files\nodejs\node_modules\npm\node_modules\@npmcli\arborist\lib\arborist\build-ideal-tree.js:917:11)
npm verb stack     at async Arborist.buildIdealTree (C:\Program Files\nodejs\node_modules\npm\node_modules\@npmcli\arborist\lib\arborist\build-ideal-tree.js:196:7)
npm verb stack     at async Promise.all (index 1)
npm verb stack     at async Arborist.reify (C:\Program Files\nodejs\node_modules\npm\node_modules\@npmcli\arborist\lib\arborist\reify.js:159:5)
npm verb stack     at async Install.exec (C:\Program Files\nodejs\node_modules\npm\lib\commands\install.js:147:5)
npm verb statusCode 404
npm verb pkgid npm-package-you-need-to-run-tests-1@^1.2.1
npm verb cwd C:\Users\janar\cypress project 1\tmpBstackPackages
npm verb Windows_NT 10.0.22621
npm verb node v18.17.0
npm verb npm  v9.6.7
npm ERR! code E404
npm ERR! 404 Not Found - GET https://registry.npmjs.org/npm-package-you-need-to-run-tests-1 - Not found
npm ERR! 404 
npm ERR! 404  'npm-package-you-need-to-run-tests-1@^1.2.1' is not in this registry.
npm ERR! 404 
npm ERR! 404 Note that you can also install from a
npm ERR! 404 tarball, folder, http url, or git url.
npm verb exit 1
npm verb unfinished npm timer reify 1692971452354
npm verb unfinished npm timer reify:loadTrees 1692971452360
npm verb code 1

npm ERR! A complete log of this run can be found in: C:\Users\janar\AppData\Local\npm-cache\_logs\2023-08-25T13_50_51_552Z-debug-0.log
